<?xml version="1.0" encoding="UTF-8"?>
<testsuite name="Core.Clients.ClientConnectionsTest" tests="1" skipped="0" failures="0" errors="0" timestamp="2018-07-23T10:56:33" hostname="Chriss-MBP.localdomain" time="0.004">
  <properties/>
  <testcase name="broadcast" classname="Core.Clients.ClientConnectionsTest" time="0.004"/>
  <system-out><![CDATA[]]></system-out>
  <system-err><![CDATA[]]></system-err>
</testsuite>
